<?xml version="1.0" encoding="UTF-8"?>
<!-- Generated by org.testng.reporters.JUnitReportReporter -->
<testsuite hostname="AslamBasha" failures="0" tests="3" name="TestScripts.CountryTranslationTest" time="4.891" errors="0" timestamp="2023-12-19T09:05:41 IST" skipped="0">
  <testcase classname="TestScripts.CountryTranslationTest" name="testCountryTranslation" time="0.951"/>
  <system-out/>
  <testcase classname="TestScripts.CountryTranslationTest" name="testCountryTranslation" time="2.740"/>
  <system-out/>
  <testcase classname="TestScripts.CountryTranslationTest" name="testCountryTranslation" time="1.200"/>
  <system-out/>
</testsuite> <!-- TestScripts.CountryTranslationTest -->
